# JRE version: Java(TM) SE Runtime Environment (8.0_401) (build 1.8.0_401-b10)
# Java VM: Java HotSpot(TM) 64-Bit Server VM (25.401-b10 mixed mode windows-amd64 compressed oops)
Heap:
 PSYoungGen      total 75776K, used 4768K [0x00000000eab00000, 0x00000000eff80000, 0x0000000100000000)
  eden space 65024K, 7% used [0x00000000eab00000,0x00000000eafa8300,0x00000000eea80000)
  from space 10752K, 0% used [0x00000000eea80000,0x00000000eea80000,0x00000000ef500000)
  to   space 10752K, 0% used [0x00000000ef500000,0x00000000ef500000,0x00000000eff80000)
 ParOldGen       total 173568K, used 1325K [0x00000000c0000000, 0x00000000ca980000, 0x00000000eab00000)
  object space 173568K, 0% used [0x00000000c0000000,0x00000000c014b640,0x00000000ca980000)
 Metaspace       used 5212K, capacity 5404K, committed 5632K, reserved 1056768K
  class space    used 608K, capacity 702K, committed 768K, reserved 1048576K
GC Heap History (4 events):
Event: 0.224 GC heap before
{Heap before GC invocations=1 (full 0):
 PSYoungGen      total 75776K, used 11707K [0x00000000eab00000, 0x00000000eff80000, 0x0000000100000000)
  eden space 65024K, 18% used [0x00000000eab00000,0x00000000eb66ede8,0x00000000eea80000)
  from space 10752K, 0% used [0x00000000ef500000,0x00000000ef500000,0x00000000eff80000)
  to   space 10752K, 0% used [0x00000000eea80000,0x00000000eea80000,0x00000000ef500000)
 ParOldGen       total 173568K, used 0K [0x00000000c0000000, 0x00000000ca980000, 0x00000000eab00000)
  object space 173568K, 0% used [0x00000000c0000000,0x00000000c0000000,0x00000000ca980000)
 Metaspace       used 5193K, capacity 5372K, committed 5632K, reserved 1056768K
  class space    used 602K, capacity 670K, committed 768K, reserved 1048576K
Event: 0.225 GC heap after
Heap after GC invocations=1 (full 0):
 PSYoungGen      total 75776K, used 1545K [0x00000000eab00000, 0x00000000eff80000, 0x0000000100000000)
  eden space 65024K, 0% used [0x00000000eab00000,0x00000000eab00000,0x00000000eea80000)
  from space 10752K, 14% used [0x00000000eea80000,0x00000000eec02610,0x00000000ef500000)
  to   space 10752K, 0% used [0x00000000ef500000,0x00000000ef500000,0x00000000eff80000)
 ParOldGen       total 173568K, used 8K [0x00000000c0000000, 0x00000000ca980000, 0x00000000eab00000)
  object space 173568K, 0% used [0x00000000c0000000,0x00000000c0002000,0x00000000ca980000)
 Metaspace       used 5193K, capacity 5372K, committed 5632K, reserved 1056768K
  class space    used 602K, capacity 670K, committed 768K, reserved 1048576K
}
Event: 0.225 GC heap before
{Heap before GC invocations=2 (full 1):
 PSYoungGen      total 75776K, used 1545K [0x00000000eab00000, 0x00000000eff80000, 0x0000000100000000)
  eden space 65024K, 0% used [0x00000000eab00000,0x00000000eab00000,0x00000000eea80000)
  from space 10752K, 14% used [0x00000000eea80000,0x00000000eec02610,0x00000000ef500000)
  to   space 10752K, 0% used [0x00000000ef500000,0x00000000ef500000,0x00000000eff80000)
 ParOldGen       total 173568K, used 8K [0x00000000c0000000, 0x00000000ca980000, 0x00000000eab00000)
  object space 173568K, 0% used [0x00000000c0000000,0x00000000c0002000,0x00000000ca980000)
 Metaspace       used 5193K, capacity 5372K, committed 5632K, reserved 1056768K
  class space    used 602K, capacity 670K, committed 768K, reserved 1048576K
Event: 0.231 GC heap after
Heap after GC invocations=2 (full 1):
 PSYoungGen      total 75776K, used 0K [0x00000000eab00000, 0x00000000eff80000, 0x0000000100000000)
  eden space 65024K, 0% used [0x00000000eab00000,0x00000000eab00000,0x00000000eea80000)
  from space 10752K, 0% used [0x00000000eea80000,0x00000000eea80000,0x00000000ef500000)
  to   space 10752K, 0% used [0x00000000ef500000,0x00000000ef500000,0x00000000eff80000)
 ParOldGen       total 173568K, used 1325K [0x00000000c0000000, 0x00000000ca980000, 0x00000000eab00000)
  object space 173568K, 0% used [0x00000000c0000000,0x00000000c014b640,0x00000000ca980000)
 Metaspace       used 5193K, capacity 5372K, committed 5632K, reserved 1056768K
  class space    used 602K, capacity 670K, committed 768K, reserved 1048576K
}

